[22-Oct-2016 07:56:05 UTC] PHP Warning:  include(connMysql.inc): failed to open stream: No such file or directory in /home/ubuntu/workspace/handmadeSoap/startbootstrap-freelancer-gh-pages/lab_RecipeTable.1.php on line 3
[22-Oct-2016 07:56:05 UTC] PHP Stack trace:
[22-Oct-2016 07:56:05 UTC] PHP   1. {main}() /home/ubuntu/workspace/handmadeSoap/startbootstrap-freelancer-gh-pages/lab_RecipeTable.1.php:0
[22-Oct-2016 07:56:05 UTC] PHP Warning:  include(): Failed opening 'connMysql.inc' for inclusion (include_path='.:/usr/share/php:/usr/share/pear') in /home/ubuntu/workspace/handmadeSoap/startbootstrap-freelancer-gh-pages/lab_RecipeTable.1.php on line 3
[22-Oct-2016 07:56:05 UTC] PHP Stack trace:
[22-Oct-2016 07:56:05 UTC] PHP   1. {main}() /home/ubuntu/workspace/handmadeSoap/startbootstrap-freelancer-gh-pages/lab_RecipeTable.1.php:0
[22-Oct-2016 07:56:19 UTC] PHP Warning:  include(connMysql.inc): failed to open stream: No such file or directory in /home/ubuntu/workspace/handmadeSoap/startbootstrap-freelancer-gh-pages/lab_RecipeTable.1.php on line 3
[22-Oct-2016 07:56:19 UTC] PHP Stack trace:
[22-Oct-2016 07:56:19 UTC] PHP   1. {main}() /home/ubuntu/workspace/handmadeSoap/startbootstrap-freelancer-gh-pages/lab_RecipeTable.1.php:0
[22-Oct-2016 07:56:19 UTC] PHP Warning:  include(): Failed opening 'connMysql.inc' for inclusion (include_path='.:/usr/share/php:/usr/share/pear') in /home/ubuntu/workspace/handmadeSoap/startbootstrap-freelancer-gh-pages/lab_RecipeTable.1.php on line 3
[22-Oct-2016 07:56:19 UTC] PHP Stack trace:
[22-Oct-2016 07:56:19 UTC] PHP   1. {main}() /home/ubuntu/workspace/handmadeSoap/startbootstrap-freelancer-gh-pages/lab_RecipeTable.1.php:0
[22-Oct-2016 07:58:19 UTC] PHP Warning:  include(connMysql.inc): failed to open stream: No such file or directory in /home/ubuntu/workspace/handmadeSoap/startbootstrap-freelancer-gh-pages/lab_RecipeTable.1.php on line 3
[22-Oct-2016 07:58:19 UTC] PHP Stack trace:
[22-Oct-2016 07:58:19 UTC] PHP   1. {main}() /home/ubuntu/workspace/handmadeSoap/startbootstrap-freelancer-gh-pages/lab_RecipeTable.1.php:0
[22-Oct-2016 07:58:19 UTC] PHP Warning:  include(): Failed opening 'connMysql.inc' for inclusion (include_path='.:/usr/share/php:/usr/share/pear') in /home/ubuntu/workspace/handmadeSoap/startbootstrap-freelancer-gh-pages/lab_RecipeTable.1.php on line 3
[22-Oct-2016 07:58:19 UTC] PHP Stack trace:
[22-Oct-2016 07:58:19 UTC] PHP   1. {main}() /home/ubuntu/workspace/handmadeSoap/startbootstrap-freelancer-gh-pages/lab_RecipeTable.1.php:0
[22-Oct-2016 07:59:39 UTC] PHP Warning:  include(connMysql.inc): failed to open stream: No such file or directory in /home/ubuntu/workspace/handmadeSoap/startbootstrap-freelancer-gh-pages/lab_RecipeTable.1.php on line 3
[22-Oct-2016 07:59:39 UTC] PHP Stack trace:
[22-Oct-2016 07:59:39 UTC] PHP   1. {main}() /home/ubuntu/workspace/handmadeSoap/startbootstrap-freelancer-gh-pages/lab_RecipeTable.1.php:0
[22-Oct-2016 07:59:39 UTC] PHP Warning:  include(): Failed opening 'connMysql.inc' for inclusion (include_path='.:/usr/share/php:/usr/share/pear') in /home/ubuntu/workspace/handmadeSoap/startbootstrap-freelancer-gh-pages/lab_RecipeTable.1.php on line 3
[22-Oct-2016 07:59:39 UTC] PHP Stack trace:
[22-Oct-2016 07:59:39 UTC] PHP   1. {main}() /home/ubuntu/workspace/handmadeSoap/startbootstrap-freelancer-gh-pages/lab_RecipeTable.1.php:0
[22-Oct-2016 08:15:04 UTC] PHP Parse error:  syntax error, unexpected end of file in /home/ubuntu/workspace/handmadeSoap/startbootstrap-freelancer-gh-pages/lab.php on line 43
[24-Oct-2016 11:36:06 UTC] PHP Warning:  mysql_fetch_assoc() expects parameter 1 to be resource, boolean given in /home/ubuntu/workspace/handmadeSoap/startbootstrap-freelancer-gh-pages/lab_RecipeTable_1.php on line 16
[24-Oct-2016 11:36:06 UTC] PHP Stack trace:
[24-Oct-2016 11:36:06 UTC] PHP   1. {main}() /home/ubuntu/workspace/handmadeSoap/startbootstrap-freelancer-gh-pages/lab_RecipeTable_1.php:0
[24-Oct-2016 11:36:06 UTC] PHP   2. mysql_fetch_assoc() /home/ubuntu/workspace/handmadeSoap/startbootstrap-freelancer-gh-pages/lab_RecipeTable_1.php:16
[24-Oct-2016 11:37:45 UTC] PHP Warning:  mysql_fetch_assoc() expects parameter 1 to be resource, boolean given in /home/ubuntu/workspace/handmadeSoap/startbootstrap-freelancer-gh-pages/lab_RecipeTable_1.php on line 16
[24-Oct-2016 11:37:45 UTC] PHP Stack trace:
[24-Oct-2016 11:37:45 UTC] PHP   1. {main}() /home/ubuntu/workspace/handmadeSoap/startbootstrap-freelancer-gh-pages/lab_RecipeTable_1.php:0
[24-Oct-2016 11:37:45 UTC] PHP   2. mysql_fetch_assoc() /home/ubuntu/workspace/handmadeSoap/startbootstrap-freelancer-gh-pages/lab_RecipeTable_1.php:16
[24-Oct-2016 12:01:44 UTC] PHP Parse error:  syntax error, unexpected 'endwhile' (T_ENDWHILE), expecting ',' or ';' in /home/ubuntu/workspace/handmadeSoap/startbootstrap-freelancer-gh-pages/lab_RecipeTable_1.php on line 20
[24-Oct-2016 12:02:36 UTC] PHP Warning:  mysql_fetch_assoc() expects parameter 1 to be resource, boolean given in /home/ubuntu/workspace/handmadeSoap/startbootstrap-freelancer-gh-pages/lab_RecipeTable_1.php on line 12
[24-Oct-2016 12:02:36 UTC] PHP Stack trace:
[24-Oct-2016 12:02:36 UTC] PHP   1. {main}() /home/ubuntu/workspace/handmadeSoap/startbootstrap-freelancer-gh-pages/lab_RecipeTable_1.php:0
[24-Oct-2016 12:02:36 UTC] PHP   2. mysql_fetch_assoc() /home/ubuntu/workspace/handmadeSoap/startbootstrap-freelancer-gh-pages/lab_RecipeTable_1.php:12
[24-Oct-2016 12:06:00 UTC] PHP Parse error:  syntax error, unexpected '<' in /home/ubuntu/workspace/handmadeSoap/startbootstrap-freelancer-gh-pages/lab_RecipeTable_1.php on line 17
[24-Oct-2016 13:44:32 UTC] PHP Parse error:  syntax error, unexpected '<<' (T_SL) in /home/ubuntu/workspace/handmadeSoap/startbootstrap-freelancer-gh-pages/lab_RecipeTable_1.php on line 5
[24-Oct-2016 13:44:57 UTC] PHP Parse error:  syntax error, unexpected '<<' (T_SL) in /home/ubuntu/workspace/handmadeSoap/startbootstrap-freelancer-gh-pages/lab_RecipeTable_1.php on line 5
[25-Oct-2016 09:59:14 UTC] PHP Warning:  include(connMysql.php): failed to open stream: No such file or directory in /home/ubuntu/workspace/handmadeSoap/startbootstrap-freelancer-gh-pages/data_gustRecipe.php on line 3
[25-Oct-2016 09:59:14 UTC] PHP Stack trace:
[25-Oct-2016 09:59:14 UTC] PHP   1. {main}() /home/ubuntu/workspace/handmadeSoap/startbootstrap-freelancer-gh-pages/data_gustRecipe.php:0
[25-Oct-2016 09:59:14 UTC] PHP Warning:  include(): Failed opening 'connMysql.php' for inclusion (include_path='.:/usr/share/php:/usr/share/pear') in /home/ubuntu/workspace/handmadeSoap/startbootstrap-freelancer-gh-pages/data_gustRecipe.php on line 3
[25-Oct-2016 09:59:14 UTC] PHP Stack trace:
[25-Oct-2016 09:59:14 UTC] PHP   1. {main}() /home/ubuntu/workspace/handmadeSoap/startbootstrap-freelancer-gh-pages/data_gustRecipe.php:0
[25-Oct-2016 09:59:22 UTC] PHP Warning:  include(connMysql.php): failed to open stream: No such file or directory in /home/ubuntu/workspace/handmadeSoap/startbootstrap-freelancer-gh-pages/data_gustRecipe.php on line 3
[25-Oct-2016 09:59:22 UTC] PHP Stack trace:
[25-Oct-2016 09:59:22 UTC] PHP   1. {main}() /home/ubuntu/workspace/handmadeSoap/startbootstrap-freelancer-gh-pages/data_gustRecipe.php:0
[25-Oct-2016 09:59:22 UTC] PHP Warning:  include(): Failed opening 'connMysql.php' for inclusion (include_path='.:/usr/share/php:/usr/share/pear') in /home/ubuntu/workspace/handmadeSoap/startbootstrap-freelancer-gh-pages/data_gustRecipe.php on line 3
[25-Oct-2016 09:59:22 UTC] PHP Stack trace:
[25-Oct-2016 09:59:22 UTC] PHP   1. {main}() /home/ubuntu/workspace/handmadeSoap/startbootstrap-freelancer-gh-pages/data_gustRecipe.php:0
[25-Oct-2016 10:02:08 UTC] PHP Warning:  include(connMysql.php): failed to open stream: No such file or directory in /home/ubuntu/workspace/handmadeSoap/startbootstrap-freelancer-gh-pages/data_gustRecipe.php on line 3
[25-Oct-2016 10:02:08 UTC] PHP Stack trace:
[25-Oct-2016 10:02:08 UTC] PHP   1. {main}() /home/ubuntu/workspace/handmadeSoap/startbootstrap-freelancer-gh-pages/data_gustRecipe.php:0
[25-Oct-2016 10:02:08 UTC] PHP Warning:  include(): Failed opening 'connMysql.php' for inclusion (include_path='.:/usr/share/php:/usr/share/pear') in /home/ubuntu/workspace/handmadeSoap/startbootstrap-freelancer-gh-pages/data_gustRecipe.php on line 3
[25-Oct-2016 10:02:08 UTC] PHP Stack trace:
[25-Oct-2016 10:02:08 UTC] PHP   1. {main}() /home/ubuntu/workspace/handmadeSoap/startbootstrap-freelancer-gh-pages/data_gustRecipe.php:0
[25-Oct-2016 10:04:46 UTC] PHP Warning:  include(connMysql.php): failed to open stream: No such file or directory in /home/ubuntu/workspace/handmadeSoap/startbootstrap-freelancer-gh-pages/data_gustRecipe.php on line 3
[25-Oct-2016 10:04:46 UTC] PHP Stack trace:
[25-Oct-2016 10:04:46 UTC] PHP   1. {main}() /home/ubuntu/workspace/handmadeSoap/startbootstrap-freelancer-gh-pages/data_gustRecipe.php:0
[25-Oct-2016 10:04:46 UTC] PHP Warning:  include(): Failed opening 'connMysql.php' for inclusion (include_path='.:/usr/share/php:/usr/share/pear') in /home/ubuntu/workspace/handmadeSoap/startbootstrap-freelancer-gh-pages/data_gustRecipe.php on line 3
[25-Oct-2016 10:04:46 UTC] PHP Stack trace:
[25-Oct-2016 10:04:46 UTC] PHP   1. {main}() /home/ubuntu/workspace/handmadeSoap/startbootstrap-freelancer-gh-pages/data_gustRecipe.php:0
[26-Oct-2016 06:21:06 UTC] PHP Parse error:  syntax error, unexpected '$fName' (T_VARIABLE) in /home/ubuntu/workspace/handmadeSoap/startbootstrap-freelancer-gh-pages/submit.php on line 20
[26-Oct-2016 06:27:18 UTC] PHP Parse error:  syntax error, unexpected '$fName' (T_VARIABLE) in /home/ubuntu/workspace/handmadeSoap/startbootstrap-freelancer-gh-pages/submit.php on line 20
[26-Oct-2016 06:28:09 UTC] PHP Parse error:  syntax error, unexpected 'fName' (T_STRING) in /home/ubuntu/workspace/handmadeSoap/startbootstrap-freelancer-gh-pages/submit.php on line 20
[26-Oct-2016 06:31:53 UTC] PHP Parse error:  syntax error, unexpected '$fName' (T_VARIABLE) in /home/ubuntu/workspace/handmadeSoap/startbootstrap-freelancer-gh-pages/submit.php on line 21
[26-Oct-2016 07:40:31 UTC] PHP Parse error:  syntax error, unexpected '(', expecting variable (T_VARIABLE) or '$' in /home/ubuntu/workspace/handmadeSoap/startbootstrap-freelancer-gh-pages/lab_RecipeTable_1.php on line 326
[26-Oct-2016 07:43:58 UTC] PHP Fatal error:  Call to undefined function val() in /home/ubuntu/workspace/handmadeSoap/startbootstrap-freelancer-gh-pages/lab_RecipeTable_1.php on line 326
[26-Oct-2016 07:43:58 UTC] PHP Stack trace:
[26-Oct-2016 07:43:58 UTC] PHP   1. {main}() /home/ubuntu/workspace/handmadeSoap/startbootstrap-freelancer-gh-pages/lab_RecipeTable_1.php:0
[27-Oct-2016 03:30:36 UTC] PHP Warning:  file_get_contents(../../data_gustRecipe.php): failed to open stream: No such file or directory in /home/ubuntu/workspace/handmadeSoap/test_chart/getData.php on line 6
[27-Oct-2016 03:30:36 UTC] PHP Stack trace:
[27-Oct-2016 03:30:36 UTC] PHP   1. {main}() /home/ubuntu/workspace/handmadeSoap/test_chart/getData.php:0
[27-Oct-2016 03:30:36 UTC] PHP   2. file_get_contents() /home/ubuntu/workspace/handmadeSoap/test_chart/getData.php:6
[27-Oct-2016 03:30:51 UTC] PHP Warning:  file_get_contents(../data_gustRecipe.php): failed to open stream: No such file or directory in /home/ubuntu/workspace/handmadeSoap/test_chart/getData.php on line 6
[27-Oct-2016 03:30:51 UTC] PHP Stack trace:
[27-Oct-2016 03:30:51 UTC] PHP   1. {main}() /home/ubuntu/workspace/handmadeSoap/test_chart/getData.php:0
[27-Oct-2016 03:30:51 UTC] PHP   2. file_get_contents() /home/ubuntu/workspace/handmadeSoap/test_chart/getData.php:6
[27-Oct-2016 03:32:00 UTC] PHP Warning:  file_get_contents(../data_gustRecipe.php): failed to open stream: No such file or directory in /home/ubuntu/workspace/handmadeSoap/test_chart/getData.php on line 6
[27-Oct-2016 03:32:00 UTC] PHP Stack trace:
[27-Oct-2016 03:32:00 UTC] PHP   1. {main}() /home/ubuntu/workspace/handmadeSoap/test_chart/getData.php:0
[27-Oct-2016 03:32:00 UTC] PHP   2. file_get_contents() /home/ubuntu/workspace/handmadeSoap/test_chart/getData.php:6
[27-Oct-2016 03:43:49 UTC] PHP Warning:  include(connMysql.php): failed to open stream: No such file or directory in /home/ubuntu/workspace/handmadeSoap/test_chart/getData.php on line 4
[27-Oct-2016 03:43:49 UTC] PHP Stack trace:
[27-Oct-2016 03:43:49 UTC] PHP   1. {main}() /home/ubuntu/workspace/handmadeSoap/test_chart/getData.php:0
[27-Oct-2016 03:43:49 UTC] PHP Warning:  include(): Failed opening 'connMysql.php' for inclusion (include_path='.:/usr/share/php:/usr/share/pear') in /home/ubuntu/workspace/handmadeSoap/test_chart/getData.php on line 4
[27-Oct-2016 03:43:49 UTC] PHP Stack trace:
[27-Oct-2016 03:43:49 UTC] PHP   1. {main}() /home/ubuntu/workspace/handmadeSoap/test_chart/getData.php:0
